{"/home/matt/apps/stockdata2/src/index.js": {"path":"/home/matt/apps/stockdata2/src/index.js","statementMap":{"0":{"start":{"line":1,"column":26},"end":{"line":1,"column":42}},"1":{"start":{"line":1,"column":57},"end":{"line":1,"column":87}},"2":{"start":{"line":2,"column":16},"end":{"line":2,"column":36}},"3":{"start":{"line":4,"column":0},"end":{"line":4,"column":25}},"4":{"start":{"line":5,"column":0},"end":{"line":5,"column":22}},"5":{"start":{"line":6,"column":11},"end":{"line":6,"column":42}},"6":{"start":{"line":6,"column":55},"end":{"line":6,"column":83}},"7":{"start":{"line":6,"column":122},"end":{"line":6,"column":176}},"8":{"start":{"line":8,"column":0},"end":{"line":8,"column":106}}},"fnMap":{"0":{"name":"_interopRequireDefault","decl":{"start":{"line":6,"column":93},"end":{"line":6,"column":115}},"loc":{"start":{"line":6,"column":121},"end":{"line":6,"column":177}},"line":6}},"branchMap":{"0":{"loc":{"start":{"line":6,"column":129},"end":{"line":6,"column":175}},"type":"cond-expr","locations":[{"start":{"line":6,"column":153},"end":{"line":6,"column":156}},{"start":{"line":6,"column":159},"end":{"line":6,"column":175}}],"line":6},"1":{"loc":{"start":{"line":6,"column":129},"end":{"line":6,"column":150}},"type":"binary-expr","locations":[{"start":{"line":6,"column":129},"end":{"line":6,"column":132}},{"start":{"line":6,"column":136},"end":{"line":6,"column":150}}],"line":6}},"s":{"0":0,"1":0,"2":0,"3":0,"4":0,"5":0,"6":0,"7":0,"8":0},"f":{"0":0},"b":{"0":[0,0],"1":[0,0]}}
,"/home/matt/apps/stockdata2/src/components/About/About.js": {"path":"/home/matt/apps/stockdata2/src/components/About/About.js","statementMap":{"0":{"start":{"line":4,"column":14},"end":{"line":9,"column":1}},"1":{"start":{"line":5,"column":2},"end":{"line":8,"column":8}}},"fnMap":{"0":{"name":"(anonymous_0)","decl":{"start":{"line":4,"column":14},"end":{"line":4,"column":15}},"loc":{"start":{"line":5,"column":2},"end":{"line":8,"column":8}},"line":5}},"branchMap":{},"s":{"0":2,"1":2},"f":{"0":2},"b":{},"_coverageSchema":"332fd63041d2c1bcb487cc26dd0d5f7d97098a6c","hash":"535e7965733533ca7a225f0d14adb60a576fceca"}
,"/home/matt/apps/stockdata2/src/components/App/App.js": {"path":"/home/matt/apps/stockdata2/src/components/App/App.js","statementMap":{"0":{"start":{"line":1,"column":13},"end":{"line":1,"column":75}},"1":{"start":{"line":1,"column":88},"end":{"line":1,"column":104}},"2":{"start":{"line":1,"column":119},"end":{"line":1,"column":149}},"3":{"start":{"line":2,"column":22},"end":{"line":2,"column":49}},"4":{"start":{"line":4,"column":11},"end":{"line":4,"column":31}},"5":{"start":{"line":4,"column":44},"end":{"line":4,"column":72}},"6":{"start":{"line":5,"column":14},"end":{"line":5,"column":41}},"7":{"start":{"line":5,"column":57},"end":{"line":5,"column":88}},"8":{"start":{"line":6,"column":14},"end":{"line":6,"column":41}},"9":{"start":{"line":6,"column":57},"end":{"line":6,"column":88}},"10":{"start":{"line":6,"column":127},"end":{"line":6,"column":181}},"11":{"start":{"line":8,"column":12},"end":{"line":12,"column":59}},"12":{"start":{"line":9,"column":0},"end":{"line":12,"column":59}},"13":{"start":{"line":12,"column":60},"end":{"line":17,"column":4}}},"fnMap":{"0":{"name":"_interopRequireDefault","decl":{"start":{"line":6,"column":98},"end":{"line":6,"column":120}},"loc":{"start":{"line":6,"column":126},"end":{"line":6,"column":182}},"line":6},"1":{"name":"(anonymous_1)","decl":{"start":{"line":8,"column":12},"end":{"line":8,"column":13}},"loc":{"start":{"line":9,"column":0},"end":{"line":12,"column":59}},"line":9}},"branchMap":{"0":{"loc":{"start":{"line":6,"column":134},"end":{"line":6,"column":180}},"type":"cond-expr","locations":[{"start":{"line":6,"column":158},"end":{"line":6,"column":161}},{"start":{"line":6,"column":164},"end":{"line":6,"column":180}}],"line":6},"1":{"loc":{"start":{"line":6,"column":134},"end":{"line":6,"column":155}},"type":"binary-expr","locations":[{"start":{"line":6,"column":134},"end":{"line":6,"column":137}},{"start":{"line":6,"column":141},"end":{"line":6,"column":155}}],"line":6}},"s":{"0":0,"1":0,"2":0,"3":0,"4":0,"5":0,"6":0,"7":0,"8":0,"9":0,"10":0,"11":0,"12":0,"13":0},"f":{"0":0,"1":0},"b":{"0":[0,0],"1":[0,0]}}
,"/home/matt/apps/stockdata2/src/components/Header/Header.js": {"path":"/home/matt/apps/stockdata2/src/components/Header/Header.js","statementMap":{"0":{"start":{"line":6,"column":15},"end":{"line":18,"column":1}},"1":{"start":{"line":7,"column":2},"end":{"line":17,"column":11}}},"fnMap":{"0":{"name":"(anonymous_0)","decl":{"start":{"line":6,"column":15},"end":{"line":6,"column":16}},"loc":{"start":{"line":7,"column":2},"end":{"line":17,"column":11}},"line":7}},"branchMap":{},"s":{"0":1,"1":1},"f":{"0":1},"b":{},"_coverageSchema":"332fd63041d2c1bcb487cc26dd0d5f7d97098a6c","hash":"e5cf571127d63dbf446743a7350b9d91e649fa7f"}
,"/home/matt/apps/stockdata2/src/components/Home/Home.js": {"path":"/home/matt/apps/stockdata2/src/components/Home/Home.js","statementMap":{"0":{"start":{"line":7,"column":13},"end":{"line":13,"column":1}},"1":{"start":{"line":8,"column":2},"end":{"line":12,"column":8}},"2":{"start":{"line":10,"column":6},"end":{"line":10,"column":47}}},"fnMap":{"0":{"name":"(anonymous_0)","decl":{"start":{"line":7,"column":13},"end":{"line":7,"column":14}},"loc":{"start":{"line":8,"column":2},"end":{"line":12,"column":8}},"line":8},"1":{"name":"(anonymous_1)","decl":{"start":{"line":9,"column":15},"end":{"line":9,"column":16}},"loc":{"start":{"line":10,"column":6},"end":{"line":10,"column":47}},"line":10}},"branchMap":{},"s":{"0":1,"1":1,"2":5},"f":{"0":1,"1":5},"b":{},"_coverageSchema":"332fd63041d2c1bcb487cc26dd0d5f7d97098a6c","hash":"d47da60f7dfbdfc98af4b103ee39fcd22cde8a53"}
,"/home/matt/apps/stockdata2/src/components/NotFound/NotFound.js": {"path":"/home/matt/apps/stockdata2/src/components/NotFound/NotFound.js","statementMap":{"0":{"start":{"line":3,"column":17},"end":{"line":7,"column":1}},"1":{"start":{"line":4,"column":2},"end":{"line":6,"column":8}}},"fnMap":{"0":{"name":"(anonymous_0)","decl":{"start":{"line":3,"column":17},"end":{"line":3,"column":18}},"loc":{"start":{"line":4,"column":2},"end":{"line":6,"column":8}},"line":4}},"branchMap":{},"s":{"0":2,"1":2},"f":{"0":2},"b":{},"_coverageSchema":"332fd63041d2c1bcb487cc26dd0d5f7d97098a6c","hash":"767ed36ec164eb72afb867fb567e7a5f1d5c27ad"}
,"/home/matt/apps/stockdata2/src/components/PostSummary/PostSummary.js": {"path":"/home/matt/apps/stockdata2/src/components/PostSummary/PostSummary.js","statementMap":{"0":{"start":{"line":6,"column":20},"end":{"line":17,"column":1}},"1":{"start":{"line":7,"column":2},"end":{"line":16,"column":8}}},"fnMap":{"0":{"name":"(anonymous_0)","decl":{"start":{"line":6,"column":20},"end":{"line":6,"column":21}},"loc":{"start":{"line":7,"column":2},"end":{"line":16,"column":8}},"line":7}},"branchMap":{},"s":{"0":1,"1":5},"f":{"0":5},"b":{},"_coverageSchema":"332fd63041d2c1bcb487cc26dd0d5f7d97098a6c","hash":"314a763230fecf352ced7764a4257f1a75a24593"}
,"/home/matt/apps/stockdata2/src/components/PostView/PostView.js": {"path":"/home/matt/apps/stockdata2/src/components/PostView/PostView.js","statementMap":{"0":{"start":{"line":6,"column":17},"end":{"line":23,"column":1}},"1":{"start":{"line":7,"column":13},"end":{"line":7,"column":30}},"2":{"start":{"line":8,"column":13},"end":{"line":8,"column":56}},"3":{"start":{"line":8,"column":34},"end":{"line":8,"column":52}},"4":{"start":{"line":9,"column":2},"end":{"line":11,"column":3}},"5":{"start":{"line":10,"column":4},"end":{"line":10,"column":23}},"6":{"start":{"line":13,"column":2},"end":{"line":22,"column":3}},"7":{"start":{"line":18,"column":10},"end":{"line":18,"column":38}}},"fnMap":{"0":{"name":"(anonymous_0)","decl":{"start":{"line":6,"column":17},"end":{"line":6,"column":18}},"loc":{"start":{"line":6,"column":30},"end":{"line":23,"column":1}},"line":6},"1":{"name":"(anonymous_1)","decl":{"start":{"line":8,"column":26},"end":{"line":8,"column":27}},"loc":{"start":{"line":8,"column":34},"end":{"line":8,"column":52}},"line":8},"2":{"name":"(anonymous_2)","decl":{"start":{"line":17,"column":41},"end":{"line":17,"column":42}},"loc":{"start":{"line":18,"column":10},"end":{"line":18,"column":38}},"line":18}},"branchMap":{"0":{"loc":{"start":{"line":9,"column":2},"end":{"line":11,"column":3}},"type":"if","locations":[{"start":{"line":9,"column":2},"end":{"line":11,"column":3}},{"start":{"line":9,"column":2},"end":{"line":11,"column":3}}],"line":9}},"s":{"0":1,"1":2,"2":2,"3":10,"4":2,"5":1,"6":1,"7":2},"f":{"0":2,"1":10,"2":2},"b":{"0":[1,1]},"_coverageSchema":"332fd63041d2c1bcb487cc26dd0d5f7d97098a6c","hash":"7920811ab32201a19628eb73d734fa1ba85531fd"}
,"/home/matt/apps/stockdata2/src/components/Routes/Routes.js": {"path":"/home/matt/apps/stockdata2/src/components/Routes/Routes.js","statementMap":{"0":{"start":{"line":12,"column":15},"end":{"line":19,"column":1}},"1":{"start":{"line":13,"column":2},"end":{"line":18,"column":11}}},"fnMap":{"0":{"name":"(anonymous_0)","decl":{"start":{"line":12,"column":15},"end":{"line":12,"column":16}},"loc":{"start":{"line":13,"column":2},"end":{"line":18,"column":11}},"line":13}},"branchMap":{},"s":{"0":1,"1":4},"f":{"0":4},"b":{},"_coverageSchema":"332fd63041d2c1bcb487cc26dd0d5f7d97098a6c","hash":"f08ea81e0a5be682012daa31409489630aef120d"}
}
